# JRE version: OpenJDK Runtime Environment (11.0.8+10) (build 11.0.8+10-b944.6842174)
# Java VM: OpenJDK 64-Bit Server VM (11.0.8+10-b944.6842174, mixed mode, tiered, compressed oops, g1 gc, windows-amd64)
Heap:
 garbage-first heap   total 601088K, used 186149K [0x00000000a0000000, 0x0000000100000000)
  region size 1024K, 6 young (6144K), 6 survivors (6144K)
 Metaspace       used 147381K, capacity 151830K, committed 152068K, reserved 1181696K
  class space    used 17487K, capacity 19008K, committed 19020K, reserved 1048576K
GC Heap History (20 events):
Event: 2423.560 GC heap after
{Heap after GC invocations=97 (full 0):
 garbage-first heap   total 434176K, used 167300K [0x00000000a0000000, 0x0000000100000000)
  region size 1024K, 2 young (2048K), 2 survivors (2048K)
 Metaspace       used 146497K, capacity 150942K, committed 151044K, reserved 1181696K
  class space    used 17478K, capacity 18966K, committed 19020K, reserved 1048576K
}
Event: 2423.895 GC heap before
{Heap before GC invocations=97 (full 0):
 garbage-first heap   total 434176K, used 321924K [0x00000000a0000000, 0x0000000100000000)
  region size 1024K, 154 young (157696K), 2 survivors (2048K)
 Metaspace       used 146637K, capacity 151074K, committed 151300K, reserved 1181696K
  class space    used 17479K, capacity 18967K, committed 19020K, reserved 1048576K
}
Event: 2423.907 GC heap after
{Heap after GC invocations=98 (full 0):
 garbage-first heap   total 434176K, used 169428K [0x00000000a0000000, 0x0000000100000000)
  region size 1024K, 5 young (5120K), 5 survivors (5120K)
 Metaspace       used 146637K, capacity 151074K, committed 151300K, reserved 1181696K
  class space    used 17479K, capacity 18967K, committed 19020K, reserved 1048576K
}
Event: 2424.421 GC heap before
{Heap before GC invocations=99 (full 0):
 garbage-first heap   total 434176K, used 329172K [0x00000000a0000000, 0x0000000100000000)
  region size 1024K, 161 young (164864K), 5 survivors (5120K)
 Metaspace       used 146925K, capacity 151448K, committed 151556K, reserved 1181696K
  class space    used 17481K, capacity 19000K, committed 19020K, reserved 1048576K
}
Event: 2424.432 GC heap after
{Heap after GC invocations=100 (full 0):
 garbage-first heap   total 434176K, used 171915K [0x00000000a0000000, 0x0000000100000000)
  region size 1024K, 7 young (7168K), 7 survivors (7168K)
 Metaspace       used 146925K, capacity 151448K, committed 151556K, reserved 1181696K
  class space    used 17481K, capacity 19000K, committed 19020K, reserved 1048576K
}
Event: 2424.485 GC heap before
{Heap before GC invocations=100 (full 0):
 garbage-first heap   total 434176K, used 186251K [0x00000000a0000000, 0x0000000100000000)
  region size 1024K, 21 young (21504K), 7 survivors (7168K)
 Metaspace       used 146970K, capacity 151450K, committed 151556K, reserved 1181696K
  class space    used 17481K, capacity 19000K, committed 19020K, reserved 1048576K
}
Event: 2424.511 GC heap after
{Heap after GC invocations=101 (full 0):
 garbage-first heap   total 434176K, used 167738K [0x00000000a0000000, 0x0000000100000000)
  region size 1024K, 2 young (2048K), 2 survivors (2048K)
 Metaspace       used 146970K, capacity 151450K, committed 151556K, reserved 1181696K
  class space    used 17481K, capacity 19000K, committed 19020K, reserved 1048576K
}
Event: 2424.844 GC heap before
{Heap before GC invocations=101 (full 0):
 garbage-first heap   total 434176K, used 334650K [0x00000000a0000000, 0x0000000100000000)
  region size 1024K, 166 young (169984K), 2 survivors (2048K)
 Metaspace       used 147187K, capacity 151676K, committed 151812K, reserved 1181696K
  class space    used 17485K, capacity 19004K, committed 19020K, reserved 1048576K
}
Event: 2424.876 GC heap after
{Heap after GC invocations=102 (full 0):
 garbage-first heap   total 434176K, used 181960K [0x00000000a0000000, 0x0000000100000000)
  region size 1024K, 16 young (16384K), 16 survivors (16384K)
 Metaspace       used 147187K, capacity 151676K, committed 151812K, reserved 1181696K
  class space    used 17485K, capacity 19004K, committed 19020K, reserved 1048576K
}
Event: 2425.302 GC heap before
{Heap before GC invocations=103 (full 0):
 garbage-first heap   total 434176K, used 340680K [0x00000000a0000000, 0x0000000100000000)
  region size 1024K, 172 young (176128K), 16 survivors (16384K)
 Metaspace       used 147287K, capacity 151750K, committed 151812K, reserved 1181696K
  class space    used 17485K, capacity 19004K, committed 19020K, reserved 1048576K
}
Event: 2425.321 GC heap after
{Heap after GC invocations=104 (full 0):
 garbage-first heap   total 434176K, used 188197K [0x00000000a0000000, 0x0000000100000000)
  region size 1024K, 12 young (12288K), 12 survivors (12288K)
 Metaspace       used 147287K, capacity 151750K, committed 151812K, reserved 1181696K
  class space    used 17485K, capacity 19004K, committed 19020K, reserved 1048576K
}
Event: 2425.333 GC heap before
{Heap before GC invocations=104 (full 0):
 garbage-first heap   total 434176K, used 197413K [0x00000000a0000000, 0x0000000100000000)
  region size 1024K, 21 young (21504K), 12 survivors (12288K)
 Metaspace       used 147291K, capacity 151750K, committed 151812K, reserved 1181696K
  class space    used 17485K, capacity 19004K, committed 19020K, reserved 1048576K
}
Event: 2425.367 GC heap after
{Heap after GC invocations=105 (full 0):
 garbage-first heap   total 434176K, used 179749K [0x00000000a0000000, 0x0000000100000000)
  region size 1024K, 3 young (3072K), 3 survivors (3072K)
 Metaspace       used 147291K, capacity 151750K, committed 151812K, reserved 1181696K
  class space    used 17485K, capacity 19004K, committed 19020K, reserved 1048576K
}
Event: 2425.572 GC heap before
{Heap before GC invocations=105 (full 0):
 garbage-first heap   total 434176K, used 342565K [0x00000000a0000000, 0x0000000100000000)
  region size 1024K, 163 young (166912K), 3 survivors (3072K)
 Metaspace       used 147326K, capacity 151759K, committed 151812K, reserved 1181696K
  class space    used 17486K, capacity 19005K, committed 19020K, reserved 1048576K
}
Event: 2425.603 GC heap after
{Heap after GC invocations=106 (full 0):
 garbage-first heap   total 434176K, used 191178K [0x00000000a0000000, 0x0000000100000000)
  region size 1024K, 14 young (14336K), 14 survivors (14336K)
 Metaspace       used 147326K, capacity 151759K, committed 151812K, reserved 1181696K
  class space    used 17486K, capacity 19005K, committed 19020K, reserved 1048576K
}
Event: 2425.982 GC heap before
{Heap before GC invocations=107 (full 0):
 garbage-first heap   total 434176K, used 348874K [0x00000000a0000000, 0x0000000100000000)
  region size 1024K, 168 young (172032K), 14 survivors (14336K)
 Metaspace       used 147354K, capacity 151823K, committed 152068K, reserved 1181696K
  class space    used 17486K, capacity 19006K, committed 19020K, reserved 1048576K
}
Event: 2426.001 GC heap after
{Heap after GC invocations=108 (full 0):
 garbage-first heap   total 434176K, used 195245K [0x00000000a0000000, 0x0000000100000000)
  region size 1024K, 9 young (9216K), 9 survivors (9216K)
 Metaspace       used 147354K, capacity 151823K, committed 152068K, reserved 1181696K
  class space    used 17486K, capacity 19006K, committed 19020K, reserved 1048576K
}
Event: 2426.015 GC heap before
{Heap before GC invocations=108 (full 0):
 garbage-first heap   total 434176K, used 207533K [0x00000000a0000000, 0x0000000100000000)
  region size 1024K, 21 young (21504K), 9 survivors (9216K)
 Metaspace       used 147356K, capacity 151823K, committed 152068K, reserved 1181696K
  class space    used 17486K, capacity 19006K, committed 19020K, reserved 1048576K
}
Event: 2426.052 GC heap after
{Heap after GC invocations=109 (full 0):
 garbage-first heap   total 434176K, used 182476K [0x00000000a0000000, 0x0000000100000000)
  region size 1024K, 3 young (3072K), 3 survivors (3072K)
 Metaspace       used 147356K, capacity 151823K, committed 152068K, reserved 1181696K
  class space    used 17486K, capacity 19006K, committed 19020K, reserved 1048576K
}
Event: 2426.269 GC heap before
{Heap before GC invocations=109 (full 0):
 garbage-first heap   total 434176K, used 348364K [0x00000000a0000000, 0x0000000100000000)
  region size 1024K, 165 young (168960K), 3 survivors (3072K)
 Metaspace       used 147381K, capacity 151830K, committed 152068K, reserved 1181696K
  class space    used 17487K, capacity 19008K, committed 19020K, reserved 1048576K
}

